<?xml version="1.0" encoding="UTF-8"?>
<robot generator="Robot 5.0.1 (Python 3.11.0 on darwin)" generated="20221124 02:33:03.078" rpa="false" schemaversion="3">
<suite id="s1" name="RobotFramework-Exercises" source="/Users/yusufrenkoglu/Library/Mobile Documents/com~apple~CloudDocs/Projects/RobotFramework/RobotFramework-Exercises">
<suite id="s1-s1" name="Tests" source="/Users/yusufrenkoglu/Library/Mobile Documents/com~apple~CloudDocs/Projects/RobotFramework/RobotFramework-Exercises/Tests">
<suite id="s1-s1-s1" name="AutomationExercise" source="/Users/yusufrenkoglu/Library/Mobile Documents/com~apple~CloudDocs/Projects/RobotFramework/RobotFramework-Exercises/Tests/AutomationExercise.robot">
<test id="s1-s1-s1-t1" name="Test Case 01" line="18">
<kw name="Open Browser" library="SeleniumLibrary" type="SETUP">
<arg>${url}</arg>
<arg>${browser}</arg>
<doc>Opens a new browser instance to the optional ``url``.</doc>
<msg timestamp="20221124 02:33:03.284" level="INFO">Opening browser 'chrome' to base url 'https://automationexercise.com/'.</msg>
<status status="PASS" starttime="20221124 02:33:03.283" endtime="20221124 02:33:08.434"/>
</kw>
<kw name="Verify that home page is visible successfully" library="HomePage">
<kw name="Location Should Be" library="SeleniumLibrary">
<arg>${url}</arg>
<doc>Verifies that the current URL is exactly ``url``.</doc>
<msg timestamp="20221124 02:33:08.443" level="INFO">Current location is 'https://automationexercise.com/'.</msg>
<status status="PASS" starttime="20221124 02:33:08.435" endtime="20221124 02:33:08.443"/>
</kw>
<status status="PASS" starttime="20221124 02:33:08.434" endtime="20221124 02:33:08.443"/>
</kw>
<kw name="Click on Signup / Login button" library="HomePage">
<kw name="Go To" library="SeleniumLibrary">
<arg>${signupLoginLink}</arg>
<doc>Navigates the current browser window to the provided ``url``.</doc>
<msg timestamp="20221124 02:33:08.444" level="INFO">Opening url 'https://automationexercise.com/login'</msg>
<status status="PASS" starttime="20221124 02:33:08.444" endtime="20221124 02:33:09.739"/>
</kw>
<status status="PASS" starttime="20221124 02:33:08.443" endtime="20221124 02:33:09.739"/>
</kw>
<kw name="Verify New User Signup! is visible" library="SignupLoginPage">
<kw name="Get Text" library="SeleniumLibrary">
<var>${newUserSignupText}</var>
<arg>${newUserSignup}</arg>
<doc>Returns the text value of the element identified by ``locator``.</doc>
<msg timestamp="20221124 02:33:09.826" level="INFO">${newUserSignupText} = New User Signup!</msg>
<status status="PASS" starttime="20221124 02:33:09.740" endtime="20221124 02:33:09.826"/>
</kw>
<kw name="Should Be Equal" library="BuiltIn">
<arg>${newUserSignupText}</arg>
<arg>New User Signup!</arg>
<doc>Fails if the given objects are unequal.</doc>
<status status="PASS" starttime="20221124 02:33:09.826" endtime="20221124 02:33:09.826"/>
</kw>
<status status="PASS" starttime="20221124 02:33:09.739" endtime="20221124 02:33:09.826"/>
</kw>
<kw name="Enter name and email address" library="SignupLoginPage">
<kw name="Input Text" library="SeleniumLibrary">
<arg>${nameInput}</arg>
<arg>${name}</arg>
<doc>Types the given ``text`` into the text field identified by ``locator``.</doc>
<msg timestamp="20221124 02:33:09.827" level="INFO">Typing text 'Yusuf' into text field '//*[@id="form"]/div/div/div[3]/div/form/input[2]'.</msg>
<status status="PASS" starttime="20221124 02:33:09.827" endtime="20221124 02:33:09.986"/>
</kw>
<kw name="Input Password" library="SeleniumLibrary">
<arg>${emailInput}</arg>
<arg>${email}</arg>
<doc>Types the given password into the text field identified by ``locator``.</doc>
<msg timestamp="20221124 02:33:09.987" level="INFO">Typing password into text field '//*[@id="form"]/div/div/div[3]/div/form/input[3]'.</msg>
<msg timestamp="20221124 02:33:10.028" level="INFO">Temporally setting log level to: NONE</msg>
<msg timestamp="20221124 02:33:10.078" level="INFO">Log level changed from NONE to INFO.</msg>
<status status="PASS" starttime="20221124 02:33:09.986" endtime="20221124 02:33:10.078"/>
</kw>
<status status="PASS" starttime="20221124 02:33:09.826" endtime="20221124 02:33:10.078"/>
</kw>
<kw name="Click Signup button" library="SignupLoginPage">
<kw name="Click Button" library="SeleniumLibrary">
<arg>${signupButton}</arg>
<doc>Clicks the button identified by ``locator``.</doc>
<msg timestamp="20221124 02:33:10.079" level="INFO">Clicking button '//*[@id="form"]/div/div/div[3]/div/form/button'.</msg>
<status status="PASS" starttime="20221124 02:33:10.079" endtime="20221124 02:33:12.138"/>
</kw>
<status status="PASS" starttime="20221124 02:33:10.079" endtime="20221124 02:33:12.138"/>
</kw>
<kw name="Verify that ENTER ACCOUNT INFORMATION is visible" library="RegistrationPage">
<kw name="Get Text" library="SeleniumLibrary">
<var>${currentRegistrationPageText}</var>
<arg>${registrationPageText}</arg>
<doc>Returns the text value of the element identified by ``locator``.</doc>
<msg timestamp="20221124 02:33:12.209" level="INFO">${currentRegistrationPageText} = ENTER ACCOUNT INFORMATION</msg>
<status status="PASS" starttime="20221124 02:33:12.138" endtime="20221124 02:33:12.209"/>
</kw>
<kw name="Should Be Equal" library="BuiltIn">
<arg>${currentRegistrationPageText}</arg>
<arg>ENTER ACCOUNT INFORMATION</arg>
<doc>Fails if the given objects are unequal.</doc>
<status status="PASS" starttime="20221124 02:33:12.209" endtime="20221124 02:33:12.209"/>
</kw>
<status status="PASS" starttime="20221124 02:33:12.138" endtime="20221124 02:33:12.209"/>
</kw>
<kw name="Fill details: Title, Name, Email, Password, Date of birth" library="RegistrationPage">
<kw name="Select Radio Button" library="SeleniumLibrary">
<arg>${radioButtonGroupName}</arg>
<arg>${title}</arg>
<doc>Sets the radio button group ``group_name`` to ``value``.</doc>
<msg timestamp="20221124 02:33:12.210" level="INFO">Selecting 'Mr' from radio button 'title'.</msg>
<status status="PASS" starttime="20221124 02:33:12.210" endtime="20221124 02:33:12.264"/>
</kw>
<kw name="Input Password" library="SeleniumLibrary">
<arg>${passwordInput}</arg>
<arg>${password}</arg>
<doc>Types the given password into the text field identified by ``locator``.</doc>
<msg timestamp="20221124 02:33:12.265" level="INFO">Typing password into text field '//*[@id="password"]'.</msg>
<msg timestamp="20221124 02:33:12.300" level="INFO">Temporally setting log level to: NONE</msg>
<msg timestamp="20221124 02:33:12.341" level="INFO">Log level changed from NONE to INFO.</msg>
<status status="PASS" starttime="20221124 02:33:12.264" endtime="20221124 02:33:12.341"/>
</kw>
<kw name="Select From List By Value" library="SeleniumLibrary">
<arg>${bDaySelect}</arg>
<arg>${bDay}</arg>
<doc>Selects options from selection list ``locator`` by ``values``.</doc>
<msg timestamp="20221124 02:33:12.341" level="INFO">Selecting options from selection list '//*[@id="days"]' by value 11.</msg>
<status status="PASS" starttime="20221124 02:33:12.341" endtime="20221124 02:33:12.411"/>
</kw>
<kw name="Select From List By Value" library="SeleniumLibrary">
<arg>${bMonthSelect}</arg>
<arg>${bMonth}</arg>
<doc>Selects options from selection list ``locator`` by ``values``.</doc>
<msg timestamp="20221124 02:33:12.411" level="INFO">Selecting options from selection list '//*[@id="months"]' by value 9.</msg>
<status status="PASS" starttime="20221124 02:33:12.411" endtime="20221124 02:33:12.481"/>
</kw>
<kw name="Select From List By Value" library="SeleniumLibrary">
<arg>${bYearSelect}</arg>
<arg>${bYear}</arg>
<doc>Selects options from selection list ``locator`` by ``values``.</doc>
<msg timestamp="20221124 02:33:12.482" level="INFO">Selecting options from selection list '//*[@id="years"]' by value 1984.</msg>
<status status="PASS" starttime="20221124 02:33:12.482" endtime="20221124 02:33:12.553"/>
</kw>
<status status="PASS" starttime="20221124 02:33:12.209" endtime="20221124 02:33:12.553"/>
</kw>
<kw name="Select checkbox Sign up for our newsletter!" library="RegistrationPage">
<kw name="Select Checkbox" library="SeleniumLibrary">
<arg>${newsletterCheckbox}</arg>
<doc>Selects the checkbox identified by ``locator``.</doc>
<msg timestamp="20221124 02:33:12.554" level="INFO">Selecting checkbox '//*[@id="newsletter"]'.</msg>
<status status="PASS" starttime="20221124 02:33:12.553" endtime="20221124 02:33:12.627"/>
</kw>
<status status="PASS" starttime="20221124 02:33:12.553" endtime="20221124 02:33:12.627"/>
</kw>
<kw name="Select checkbox Receive special offers from our partners!" library="RegistrationPage">
<kw name="Select Checkbox" library="SeleniumLibrary">
<arg>${offerCheckbox}</arg>
<doc>Selects the checkbox identified by ``locator``.</doc>
<msg timestamp="20221124 02:33:12.628" level="INFO">Selecting checkbox '//*[@id="optin"]'.</msg>
<status status="PASS" starttime="20221124 02:33:12.627" endtime="20221124 02:33:12.700"/>
</kw>
<status status="PASS" starttime="20221124 02:33:12.627" endtime="20221124 02:33:12.700"/>
</kw>
<kw name="Fill details: First name, Last name, Company, Address, Address2, Country, State, City, Zipcode, Mobile Number" library="RegistrationPage">
<kw name="Input Text" library="SeleniumLibrary">
<arg>${registerPageNameInput}</arg>
<arg>${name}</arg>
<doc>Types the given ``text`` into the text field identified by ``locator``.</doc>
<msg timestamp="20221124 02:33:12.701" level="INFO">Typing text 'Yusuf' into text field '//*[@id="first_name"]'.</msg>
<status status="PASS" starttime="20221124 02:33:12.701" endtime="20221124 02:33:12.778"/>
</kw>
<kw name="Input Text" library="SeleniumLibrary">
<arg>${lastnameInput}</arg>
<arg>${lastname}</arg>
<doc>Types the given ``text`` into the text field identified by ``locator``.</doc>
<msg timestamp="20221124 02:33:12.778" level="INFO">Typing text 'Renkoglu' into text field '//*[@id="last_name"]'.</msg>
<status status="PASS" starttime="20221124 02:33:12.778" endtime="20221124 02:33:12.882"/>
</kw>
<kw name="Input Text" library="SeleniumLibrary">
<arg>${companyInput}</arg>
<arg>${company}</arg>
<doc>Types the given ``text`` into the text field identified by ``locator``.</doc>
<msg timestamp="20221124 02:33:12.883" level="INFO">Typing text '-' into text field '//*[@id="company"]'.</msg>
<status status="PASS" starttime="20221124 02:33:12.883" endtime="20221124 02:33:12.961"/>
</kw>
<kw name="Input Text" library="SeleniumLibrary">
<arg>${address1Input}</arg>
<arg>${address1}</arg>
<doc>Types the given ``text`` into the text field identified by ``locator``.</doc>
<msg timestamp="20221124 02:33:12.961" level="INFO">Typing text 'Helsinki' into text field '//*[@id="address1"]'.</msg>
<status status="PASS" starttime="20221124 02:33:12.961" endtime="20221124 02:33:13.056"/>
</kw>
<kw name="Input Text" library="SeleniumLibrary">
<arg>${address2Input}</arg>
<arg>${address2}</arg>
<doc>Types the given ``text`` into the text field identified by ``locator``.</doc>
<msg timestamp="20221124 02:33:13.057" level="INFO">Typing text 'Helsinki' into text field '//*[@id="address2"]'.</msg>
<status status="PASS" starttime="20221124 02:33:13.056" endtime="20221124 02:33:13.162"/>
</kw>
<kw name="Select From List By Value" library="SeleniumLibrary">
<arg>${countrySelect}</arg>
<arg>${country}</arg>
<doc>Selects options from selection list ``locator`` by ``values``.</doc>
<msg timestamp="20221124 02:33:13.163" level="INFO">Selecting options from selection list '//*[@id="country"]' by value United States.</msg>
<status status="PASS" starttime="20221124 02:33:13.162" endtime="20221124 02:33:13.228"/>
</kw>
<kw name="Input Text" library="SeleniumLibrary">
<arg>${stateInput}</arg>
<arg>${states}</arg>
<doc>Types the given ``text`` into the text field identified by ``locator``.</doc>
<msg timestamp="20221124 02:33:13.228" level="INFO">Typing text 'Helsinki' into text field '//*[@id="state"]'.</msg>
<status status="PASS" starttime="20221124 02:33:13.228" endtime="20221124 02:33:13.316"/>
</kw>
<kw name="Input Text" library="SeleniumLibrary">
<arg>${cityInput}</arg>
<arg>${city}</arg>
<doc>Types the given ``text`` into the text field identified by ``locator``.</doc>
<msg timestamp="20221124 02:33:13.317" level="INFO">Typing text 'Helsinki' into text field '//*[@id="city"]'.</msg>
<status status="PASS" starttime="20221124 02:33:13.317" endtime="20221124 02:33:13.413"/>
</kw>
<kw name="Input Text" library="SeleniumLibrary">
<arg>${zipcodeInput}</arg>
<arg>${zipcode}</arg>
<doc>Types the given ``text`` into the text field identified by ``locator``.</doc>
<msg timestamp="20221124 02:33:13.414" level="INFO">Typing text '000000' into text field '//*[@id="zipcode"]'.</msg>
<status status="PASS" starttime="20221124 02:33:13.413" endtime="20221124 02:33:13.496"/>
</kw>
<kw name="Input Text" library="SeleniumLibrary">
<arg>${phoneNumberInput}</arg>
<arg>${phoneNumber}</arg>
<doc>Types the given ``text`` into the text field identified by ``locator``.</doc>
<msg timestamp="20221124 02:33:13.497" level="INFO">Typing text '00012312312' into text field '//*[@id="mobile_number"]'.</msg>
<status status="PASS" starttime="20221124 02:33:13.496" endtime="20221124 02:33:13.591"/>
</kw>
<status status="PASS" starttime="20221124 02:33:12.701" endtime="20221124 02:33:13.591"/>
</kw>
<kw name="Click Create Account button" library="RegistrationPage">
<kw name="Click Button" library="SeleniumLibrary">
<arg>${createAccountButton}</arg>
<doc>Clicks the button identified by ``locator``.</doc>
<msg timestamp="20221124 02:33:13.592" level="INFO">Clicking button '//*[@id="form"]/div/div/div/div[1]/form/button'.</msg>
<status status="PASS" starttime="20221124 02:33:13.592" endtime="20221124 02:33:15.884"/>
</kw>
<status status="PASS" starttime="20221124 02:33:13.592" endtime="20221124 02:33:15.884"/>
</kw>
<kw name="Verify that ACCOUNT CREATED! is visible" library="AccountVerifyPage">
<kw name="Get Text" library="SeleniumLibrary">
<var>${accountCreatedText}</var>
<arg>${accountCreated}</arg>
<doc>Returns the text value of the element identified by ``locator``.</doc>
<msg timestamp="20221124 02:33:16.022" level="INFO">${accountCreatedText} = ACCOUNT CREATED!</msg>
<status status="PASS" starttime="20221124 02:33:15.884" endtime="20221124 02:33:16.022"/>
</kw>
<kw name="Should Be Equal" library="BuiltIn">
<arg>${accountCreatedText}</arg>
<arg>ACCOUNT CREATED!</arg>
<doc>Fails if the given objects are unequal.</doc>
<status status="PASS" starttime="20221124 02:33:16.022" endtime="20221124 02:33:16.022"/>
</kw>
<status status="PASS" starttime="20221124 02:33:15.884" endtime="20221124 02:33:16.022"/>
</kw>
<kw name="Click Continue button" library="AccountVerifyPage">
<kw name="Click Link" library="SeleniumLibrary">
<arg>${continueButton}</arg>
<doc>Clicks a link identified by ``locator``.</doc>
<msg timestamp="20221124 02:33:16.023" level="INFO">Clicking link '//*[@id="form"]/div/div/div/div/a'.</msg>
<status status="PASS" starttime="20221124 02:33:16.023" endtime="20221124 02:33:19.753"/>
</kw>
<status status="PASS" starttime="20221124 02:33:16.022" endtime="20221124 02:33:19.753"/>
</kw>
<kw name="Verify that Logged in as username is visible" library="HomePage">
<kw name="Get Text" library="SeleniumLibrary">
<var>${loggedInAsUsername}</var>
<arg>${loggedInAsUsernameText}</arg>
<doc>Returns the text value of the element identified by ``locator``.</doc>
<msg timestamp="20221124 02:33:19.815" level="INFO">${loggedInAsUsername} = Logged in as Yusuf</msg>
<status status="PASS" starttime="20221124 02:33:19.753" endtime="20221124 02:33:19.815"/>
</kw>
<kw name="Should Be Equal" library="BuiltIn">
<arg>${loggedInAsUsername}</arg>
<arg>Logged in as ${name}</arg>
<doc>Fails if the given objects are unequal.</doc>
<status status="PASS" starttime="20221124 02:33:19.815" endtime="20221124 02:33:19.815"/>
</kw>
<status status="PASS" starttime="20221124 02:33:19.753" endtime="20221124 02:33:19.815"/>
</kw>
<kw name="Click Logout button" library="HomePage">
<kw name="Go To" library="SeleniumLibrary">
<arg>${logoutLink}</arg>
<doc>Navigates the current browser window to the provided ``url``.</doc>
<msg timestamp="20221124 02:33:19.816" level="INFO">Opening url 'https://automationexercise.com/logout'</msg>
<status status="PASS" starttime="20221124 02:33:19.816" endtime="20221124 02:33:20.931"/>
</kw>
<kw name="Go To" library="SeleniumLibrary">
<arg>${url}</arg>
<doc>Navigates the current browser window to the provided ``url``.</doc>
<msg timestamp="20221124 02:33:20.932" level="INFO">Opening url 'https://automationexercise.com/'</msg>
<status status="PASS" starttime="20221124 02:33:20.931" endtime="20221124 02:33:23.023"/>
</kw>
<status status="PASS" starttime="20221124 02:33:19.815" endtime="20221124 02:33:23.023"/>
</kw>
<kw name="Sleep" library="BuiltIn">
<arg>1s</arg>
<doc>Pauses the test executed for the given time.</doc>
<msg timestamp="20221124 02:33:24.025" level="INFO">Slept 1 second</msg>
<status status="PASS" starttime="20221124 02:33:23.024" endtime="20221124 02:33:24.025"/>
</kw>
<kw name="Close All Browsers" library="SeleniumLibrary" type="TEARDOWN">
<doc>Closes all open browsers and resets the browser cache.</doc>
<status status="PASS" starttime="20221124 02:33:24.025" endtime="20221124 02:33:24.166"/>
</kw>
<doc>Register User</doc>
<status status="PASS" starttime="20221124 02:33:03.282" endtime="20221124 02:33:24.166"/>
</test>
<test id="s1-s1-s1-t2" name="Test Case 02" line="37">
<kw name="Open Browser" library="SeleniumLibrary" type="SETUP">
<arg>${url}</arg>
<arg>${browser}</arg>
<doc>Opens a new browser instance to the optional ``url``.</doc>
<msg timestamp="20221124 02:33:24.167" level="INFO">Opening browser 'chrome' to base url 'https://automationexercise.com/'.</msg>
<status status="PASS" starttime="20221124 02:33:24.167" endtime="20221124 02:33:29.820"/>
</kw>
<kw name="Verify that home page is visible successfully" library="HomePage">
<kw name="Location Should Be" library="SeleniumLibrary">
<arg>${url}</arg>
<doc>Verifies that the current URL is exactly ``url``.</doc>
<msg timestamp="20221124 02:33:29.827" level="INFO">Current location is 'https://automationexercise.com/'.</msg>
<status status="PASS" starttime="20221124 02:33:29.822" endtime="20221124 02:33:29.827"/>
</kw>
<status status="PASS" starttime="20221124 02:33:29.821" endtime="20221124 02:33:29.827"/>
</kw>
<kw name="Click on Signup / Login button" library="HomePage">
<kw name="Go To" library="SeleniumLibrary">
<arg>${signupLoginLink}</arg>
<doc>Navigates the current browser window to the provided ``url``.</doc>
<msg timestamp="20221124 02:33:29.828" level="INFO">Opening url 'https://automationexercise.com/login'</msg>
<status status="PASS" starttime="20221124 02:33:29.827" endtime="20221124 02:33:31.445"/>
</kw>
<status status="PASS" starttime="20221124 02:33:29.827" endtime="20221124 02:33:31.445"/>
</kw>
<kw name="Verify Login to your account is visible" library="SignupLoginPage">
<kw name="Get Text" library="SeleniumLibrary">
<var>${loginToYourAccountText}</var>
<arg>${loginToYourAccount}</arg>
<doc>Returns the text value of the element identified by ``locator``.</doc>
<msg timestamp="20221124 02:33:31.564" level="INFO">${loginToYourAccountText} = Login to your account</msg>
<status status="PASS" starttime="20221124 02:33:31.446" endtime="20221124 02:33:31.564"/>
</kw>
<kw name="Should Be Equal" library="BuiltIn">
<arg>${loginToYourAccountText}</arg>
<arg>Login to your account</arg>
<doc>Fails if the given objects are unequal.</doc>
<status status="PASS" starttime="20221124 02:33:31.564" endtime="20221124 02:33:31.564"/>
</kw>
<status status="PASS" starttime="20221124 02:33:31.446" endtime="20221124 02:33:31.564"/>
</kw>
<kw name="Fill Email and Password" library="SignupLoginPage">
<kw name="Input Text" library="SeleniumLibrary">
<arg>${emailInputLoginPage}</arg>
<arg>${email}</arg>
<doc>Types the given ``text`` into the text field identified by ``locator``.</doc>
<msg timestamp="20221124 02:33:31.565" level="INFO">Typing text 'test.qamail1@gmail.com' into text field '//*[@id="form"]/div/div/div[1]/div/form/input[2]'.</msg>
<status status="PASS" starttime="20221124 02:33:31.565" endtime="20221124 02:33:31.731"/>
</kw>
<kw name="Input Password" library="SeleniumLibrary">
<arg>${passwordInputLoginPage}</arg>
<arg>${password}</arg>
<doc>Types the given password into the text field identified by ``locator``.</doc>
<msg timestamp="20221124 02:33:31.732" level="INFO">Typing password into text field '//*[@id="form"]/div/div/div[1]/div/form/input[3]'.</msg>
<msg timestamp="20221124 02:33:31.762" level="INFO">Temporally setting log level to: NONE</msg>
<msg timestamp="20221124 02:33:31.795" level="INFO">Log level changed from NONE to INFO.</msg>
<status status="PASS" starttime="20221124 02:33:31.731" endtime="20221124 02:33:31.795"/>
</kw>
<status status="PASS" starttime="20221124 02:33:31.564" endtime="20221124 02:33:31.795"/>
</kw>
<kw name="Click Login button" library="SignupLoginPage">
<kw name="Click Button" library="SeleniumLibrary">
<arg>${loginButton}</arg>
<doc>Clicks the button identified by ``locator``.</doc>
<msg timestamp="20221124 02:33:31.796" level="INFO">Clicking button '//*[@id="form"]/div/div/div[1]/div/form/button'.</msg>
<status status="PASS" starttime="20221124 02:33:31.796" endtime="20221124 02:33:33.945"/>
</kw>
<status status="PASS" starttime="20221124 02:33:31.796" endtime="20221124 02:33:33.946"/>
</kw>
<kw name="Click Logout button" library="HomePage">
<kw name="Go To" library="SeleniumLibrary">
<arg>${logoutLink}</arg>
<doc>Navigates the current browser window to the provided ``url``.</doc>
<msg timestamp="20221124 02:33:33.946" level="INFO">Opening url 'https://automationexercise.com/logout'</msg>
<status status="PASS" starttime="20221124 02:33:33.946" endtime="20221124 02:33:34.939"/>
</kw>
<kw name="Go To" library="SeleniumLibrary">
<arg>${url}</arg>
<doc>Navigates the current browser window to the provided ``url``.</doc>
<msg timestamp="20221124 02:33:34.939" level="INFO">Opening url 'https://automationexercise.com/'</msg>
<status status="PASS" starttime="20221124 02:33:34.939" endtime="20221124 02:33:40.096"/>
</kw>
<status status="PASS" starttime="20221124 02:33:33.946" endtime="20221124 02:33:40.096"/>
</kw>
<kw name="Close All Browsers" library="SeleniumLibrary" type="TEARDOWN">
<doc>Closes all open browsers and resets the browser cache.</doc>
<status status="PASS" starttime="20221124 02:33:40.096" endtime="20221124 02:33:40.232"/>
</kw>
<doc>Login</doc>
<status status="PASS" starttime="20221124 02:33:24.166" endtime="20221124 02:33:40.233"/>
</test>
<test id="s1-s1-s1-t3" name="Test Case 03" line="46">
<kw name="Open Browser" library="SeleniumLibrary" type="SETUP">
<arg>${url}</arg>
<arg>${browser}</arg>
<doc>Opens a new browser instance to the optional ``url``.</doc>
<msg timestamp="20221124 02:33:40.234" level="INFO">Opening browser 'chrome' to base url 'https://automationexercise.com/'.</msg>
<status status="PASS" starttime="20221124 02:33:40.234" endtime="20221124 02:33:45.476"/>
</kw>
<kw name="Click on Signup / Login button" library="HomePage">
<kw name="Go To" library="SeleniumLibrary">
<arg>${signupLoginLink}</arg>
<doc>Navigates the current browser window to the provided ``url``.</doc>
<msg timestamp="20221124 02:33:45.478" level="INFO">Opening url 'https://automationexercise.com/login'</msg>
<status status="PASS" starttime="20221124 02:33:45.477" endtime="20221124 02:33:47.035"/>
</kw>
<status status="PASS" starttime="20221124 02:33:45.477" endtime="20221124 02:33:47.035"/>
</kw>
<kw name="Verify Login to your account is visible" library="SignupLoginPage">
<kw name="Get Text" library="SeleniumLibrary">
<var>${loginToYourAccountText}</var>
<arg>${loginToYourAccount}</arg>
<doc>Returns the text value of the element identified by ``locator``.</doc>
<msg timestamp="20221124 02:33:47.115" level="INFO">${loginToYourAccountText} = Login to your account</msg>
<status status="PASS" starttime="20221124 02:33:47.036" endtime="20221124 02:33:47.116"/>
</kw>
<kw name="Should Be Equal" library="BuiltIn">
<arg>${loginToYourAccountText}</arg>
<arg>Login to your account</arg>
<doc>Fails if the given objects are unequal.</doc>
<status status="PASS" starttime="20221124 02:33:47.116" endtime="20221124 02:33:47.116"/>
</kw>
<status status="PASS" starttime="20221124 02:33:47.035" endtime="20221124 02:33:47.116"/>
</kw>
<kw name="Fill Email and Password" library="SignupLoginPage">
<kw name="Input Text" library="SeleniumLibrary">
<arg>${emailInputLoginPage}</arg>
<arg>${email}</arg>
<doc>Types the given ``text`` into the text field identified by ``locator``.</doc>
<msg timestamp="20221124 02:33:47.117" level="INFO">Typing text 'test.qamail1@gmail.com' into text field '//*[@id="form"]/div/div/div[1]/div/form/input[2]'.</msg>
<status status="PASS" starttime="20221124 02:33:47.117" endtime="20221124 02:33:47.278"/>
</kw>
<kw name="Input Password" library="SeleniumLibrary">
<arg>${passwordInputLoginPage}</arg>
<arg>${password}</arg>
<doc>Types the given password into the text field identified by ``locator``.</doc>
<msg timestamp="20221124 02:33:47.279" level="INFO">Typing password into text field '//*[@id="form"]/div/div/div[1]/div/form/input[3]'.</msg>
<msg timestamp="20221124 02:33:47.310" level="INFO">Temporally setting log level to: NONE</msg>
<msg timestamp="20221124 02:33:47.343" level="INFO">Log level changed from NONE to INFO.</msg>
<status status="PASS" starttime="20221124 02:33:47.278" endtime="20221124 02:33:47.343"/>
</kw>
<status status="PASS" starttime="20221124 02:33:47.116" endtime="20221124 02:33:47.343"/>
</kw>
<kw name="Click Login button" library="SignupLoginPage">
<kw name="Click Button" library="SeleniumLibrary">
<arg>${loginButton}</arg>
<doc>Clicks the button identified by ``locator``.</doc>
<msg timestamp="20221124 02:33:47.344" level="INFO">Clicking button '//*[@id="form"]/div/div/div[1]/div/form/button'.</msg>
<status status="PASS" starttime="20221124 02:33:47.343" endtime="20221124 02:33:48.999"/>
</kw>
<status status="PASS" starttime="20221124 02:33:47.343" endtime="20221124 02:33:48.999"/>
</kw>
<kw name="Click Delete Account button" library="HomePage">
<kw name="Click Link" library="SeleniumLibrary">
<arg>${deleteAccountLink}</arg>
<doc>Clicks a link identified by ``locator``.</doc>
<msg timestamp="20221124 02:33:49.000" level="INFO">Clicking link '//*[@id="header"]/div/div/div/div[2]/div/ul/li[5]/a'.</msg>
<status status="PASS" starttime="20221124 02:33:49.000" endtime="20221124 02:33:49.979"/>
</kw>
<status status="PASS" starttime="20221124 02:33:48.999" endtime="20221124 02:33:49.979"/>
</kw>
<kw name="Verify that ACCOUNT DELETED! is visible and click Continue button" library="AccountVerifyPage">
<kw name="Get Text" library="SeleniumLibrary">
<var>${accountDeletedText}</var>
<arg>${accountDeleted}</arg>
<doc>Returns the text value of the element identified by ``locator``.</doc>
<msg timestamp="20221124 02:33:50.620" level="INFO">${accountDeletedText} = ACCOUNT DELETED!</msg>
<status status="PASS" starttime="20221124 02:33:49.980" endtime="20221124 02:33:50.620"/>
</kw>
<kw name="Should Be Equal" library="BuiltIn">
<arg>${accountDeletedText}</arg>
<arg>ACCOUNT DELETED!</arg>
<doc>Fails if the given objects are unequal.</doc>
<status status="PASS" starttime="20221124 02:33:50.620" endtime="20221124 02:33:50.621"/>
</kw>
<kw name="Click Continue button" library="AccountVerifyPage">
<kw name="Click Link" library="SeleniumLibrary">
<arg>${continueButton}</arg>
<doc>Clicks a link identified by ``locator``.</doc>
<msg timestamp="20221124 02:33:50.621" level="INFO">Clicking link '//*[@id="form"]/div/div/div/div/a'.</msg>
<status status="PASS" starttime="20221124 02:33:50.621" endtime="20221124 02:33:52.564"/>
</kw>
<status status="PASS" starttime="20221124 02:33:50.621" endtime="20221124 02:33:52.564"/>
</kw>
<status status="PASS" starttime="20221124 02:33:49.980" endtime="20221124 02:33:52.564"/>
</kw>
<kw name="Close All Browsers" library="SeleniumLibrary" type="TEARDOWN">
<doc>Closes all open browsers and resets the browser cache.</doc>
<status status="PASS" starttime="20221124 02:33:52.564" endtime="20221124 02:33:52.697"/>
</kw>
<doc>Delete User</doc>
<status status="PASS" starttime="20221124 02:33:40.233" endtime="20221124 02:33:52.698"/>
</test>
<doc>www.automationexercise.com Test Cases</doc>
<status status="PASS" starttime="20221124 02:33:03.100" endtime="20221124 02:33:52.698"/>
</suite>
<status status="PASS" starttime="20221124 02:33:03.099" endtime="20221124 02:33:52.700"/>
</suite>
<status status="PASS" starttime="20221124 02:33:03.081" endtime="20221124 02:33:52.702"/>
</suite>
<statistics>
<total>
<stat pass="3" fail="0" skip="0">All Tests</stat>
</total>
<tag>
</tag>
<suite>
<stat pass="3" fail="0" skip="0" id="s1" name="RobotFramework-Exercises">RobotFramework-Exercises</stat>
<stat pass="3" fail="0" skip="0" id="s1-s1" name="Tests">RobotFramework-Exercises.Tests</stat>
<stat pass="3" fail="0" skip="0" id="s1-s1-s1" name="AutomationExercise">RobotFramework-Exercises.Tests.AutomationExercise</stat>
</suite>
</statistics>
<errors>
</errors>
</robot>
