<?xml version="1.0" encoding="UTF-8"?>
<robot generator="Robot 5.0.1 (Python 3.11.0 on darwin)" generated="20221124 02:54:52.306" rpa="false" schemaversion="3">
<suite id="s1" name="RobotFramework-Exercises" source="/Users/yusufrenkoglu/Library/Mobile Documents/com~apple~CloudDocs/Projects/RobotFramework/RobotFramework-Exercises">
<suite id="s1-s1" name="Tests" source="/Users/yusufrenkoglu/Library/Mobile Documents/com~apple~CloudDocs/Projects/RobotFramework/RobotFramework-Exercises/Tests">
<suite id="s1-s1-s1" name="AutomationExercise" source="/Users/yusufrenkoglu/Library/Mobile Documents/com~apple~CloudDocs/Projects/RobotFramework/RobotFramework-Exercises/Tests/AutomationExercise.robot">
<test id="s1-s1-s1-t1" name="Test Case 01" line="17">
<kw name="Open Browser" library="SeleniumLibrary" type="SETUP">
<arg>${url}</arg>
<arg>${browser}</arg>
<doc>Opens a new browser instance to the optional ``url``.</doc>
<msg timestamp="20221124 02:54:52.560" level="INFO">Opening browser 'chrome' to base url 'https://automationexercise.com/'.</msg>
<status status="PASS" starttime="20221124 02:54:52.559" endtime="20221124 02:54:57.336"/>
</kw>
<kw name="Verify that home page is visible successfully" library="HomePage">
<kw name="Location Should Be" library="SeleniumLibrary">
<arg>${url}</arg>
<doc>Verifies that the current URL is exactly ``url``.</doc>
<msg timestamp="20221124 02:54:57.343" level="INFO">Current location is 'https://automationexercise.com/'.</msg>
<status status="PASS" starttime="20221124 02:54:57.337" endtime="20221124 02:54:57.343"/>
</kw>
<status status="PASS" starttime="20221124 02:54:57.337" endtime="20221124 02:54:57.343"/>
</kw>
<kw name="Click on Signup / Login button" library="HomePage">
<kw name="Go To" library="SeleniumLibrary">
<arg>${signupLoginLink}</arg>
<doc>Navigates the current browser window to the provided ``url``.</doc>
<msg timestamp="20221124 02:54:57.343" level="INFO">Opening url 'https://automationexercise.com/login'</msg>
<status status="PASS" starttime="20221124 02:54:57.343" endtime="20221124 02:54:58.971"/>
</kw>
<status status="PASS" starttime="20221124 02:54:57.343" endtime="20221124 02:54:58.971"/>
</kw>
<kw name="Verify New User Signup! is visible" library="SignupLoginPage">
<kw name="Get Text" library="SeleniumLibrary">
<var>${newUserSignupText}</var>
<arg>${newUserSignup}</arg>
<doc>Returns the text value of the element identified by ``locator``.</doc>
<msg timestamp="20221124 02:54:59.033" level="INFO">${newUserSignupText} = New User Signup!</msg>
<status status="PASS" starttime="20221124 02:54:58.972" endtime="20221124 02:54:59.033"/>
</kw>
<kw name="Should Be Equal" library="BuiltIn">
<arg>${newUserSignupText}</arg>
<arg>New User Signup!</arg>
<doc>Fails if the given objects are unequal.</doc>
<status status="PASS" starttime="20221124 02:54:59.034" endtime="20221124 02:54:59.034"/>
</kw>
<status status="PASS" starttime="20221124 02:54:58.971" endtime="20221124 02:54:59.034"/>
</kw>
<kw name="Enter name and email address" library="SignupLoginPage">
<kw name="Input Text" library="SeleniumLibrary">
<arg>${nameInput}</arg>
<arg>${name}</arg>
<doc>Types the given ``text`` into the text field identified by ``locator``.</doc>
<msg timestamp="20221124 02:54:59.035" level="INFO">Typing text 'Yusuf' into text field '//*[@id="form"]/div/div/div[3]/div/form/input[2]'.</msg>
<status status="PASS" starttime="20221124 02:54:59.035" endtime="20221124 02:54:59.189"/>
</kw>
<kw name="Input Password" library="SeleniumLibrary">
<arg>${emailInput}</arg>
<arg>${email}</arg>
<doc>Types the given password into the text field identified by ``locator``.</doc>
<msg timestamp="20221124 02:54:59.189" level="INFO">Typing password into text field '//*[@id="form"]/div/div/div[3]/div/form/input[3]'.</msg>
<msg timestamp="20221124 02:54:59.219" level="INFO">Temporally setting log level to: NONE</msg>
<msg timestamp="20221124 02:54:59.259" level="INFO">Log level changed from NONE to INFO.</msg>
<status status="PASS" starttime="20221124 02:54:59.189" endtime="20221124 02:54:59.260"/>
</kw>
<status status="PASS" starttime="20221124 02:54:59.034" endtime="20221124 02:54:59.260"/>
</kw>
<kw name="Click Signup button" library="SignupLoginPage">
<kw name="Click Button" library="SeleniumLibrary">
<arg>${signupButton}</arg>
<doc>Clicks the button identified by ``locator``.</doc>
<msg timestamp="20221124 02:54:59.260" level="INFO">Clicking button '//*[@id="form"]/div/div/div[3]/div/form/button'.</msg>
<status status="PASS" starttime="20221124 02:54:59.260" endtime="20221124 02:55:02.010"/>
</kw>
<status status="PASS" starttime="20221124 02:54:59.260" endtime="20221124 02:55:02.010"/>
</kw>
<kw name="Verify that ENTER ACCOUNT INFORMATION is visible" library="RegistrationPage">
<kw name="Get Text" library="SeleniumLibrary">
<var>${currentRegistrationPageText}</var>
<arg>${registrationPageText}</arg>
<doc>Returns the text value of the element identified by ``locator``.</doc>
<msg timestamp="20221124 02:55:02.032" level="INFO">${currentRegistrationPageText} = ENTER ACCOUNT INFORMATION</msg>
<status status="PASS" starttime="20221124 02:55:02.011" endtime="20221124 02:55:02.032"/>
</kw>
<kw name="Should Be Equal" library="BuiltIn">
<arg>${currentRegistrationPageText}</arg>
<arg>ENTER ACCOUNT INFORMATION</arg>
<doc>Fails if the given objects are unequal.</doc>
<status status="PASS" starttime="20221124 02:55:02.032" endtime="20221124 02:55:02.033"/>
</kw>
<status status="PASS" starttime="20221124 02:55:02.010" endtime="20221124 02:55:02.033"/>
</kw>
<kw name="Fill details: Title, Name, Email, Password, Date of birth" library="RegistrationPage">
<kw name="Select Radio Button" library="SeleniumLibrary">
<arg>${radioButtonGroupName}</arg>
<arg>${title}</arg>
<doc>Sets the radio button group ``group_name`` to ``value``.</doc>
<msg timestamp="20221124 02:55:02.033" level="INFO">Selecting 'Mr' from radio button 'title'.</msg>
<status status="PASS" starttime="20221124 02:55:02.033" endtime="20221124 02:55:02.125"/>
</kw>
<kw name="Input Password" library="SeleniumLibrary">
<arg>${passwordInput}</arg>
<arg>${password}</arg>
<doc>Types the given password into the text field identified by ``locator``.</doc>
<msg timestamp="20221124 02:55:02.126" level="INFO">Typing password into text field '//*[@id="password"]'.</msg>
<msg timestamp="20221124 02:55:02.159" level="INFO">Temporally setting log level to: NONE</msg>
<msg timestamp="20221124 02:55:02.199" level="INFO">Log level changed from NONE to INFO.</msg>
<status status="PASS" starttime="20221124 02:55:02.125" endtime="20221124 02:55:02.199"/>
</kw>
<kw name="Select From List By Value" library="SeleniumLibrary">
<arg>${bDaySelect}</arg>
<arg>${bDay}</arg>
<doc>Selects options from selection list ``locator`` by ``values``.</doc>
<msg timestamp="20221124 02:55:02.199" level="INFO">Selecting options from selection list '//*[@id="days"]' by value 11.</msg>
<status status="PASS" starttime="20221124 02:55:02.199" endtime="20221124 02:55:02.265"/>
</kw>
<kw name="Select From List By Value" library="SeleniumLibrary">
<arg>${bMonthSelect}</arg>
<arg>${bMonth}</arg>
<doc>Selects options from selection list ``locator`` by ``values``.</doc>
<msg timestamp="20221124 02:55:02.265" level="INFO">Selecting options from selection list '//*[@id="months"]' by value 9.</msg>
<status status="PASS" starttime="20221124 02:55:02.265" endtime="20221124 02:55:02.328"/>
</kw>
<kw name="Select From List By Value" library="SeleniumLibrary">
<arg>${bYearSelect}</arg>
<arg>${bYear}</arg>
<doc>Selects options from selection list ``locator`` by ``values``.</doc>
<msg timestamp="20221124 02:55:02.328" level="INFO">Selecting options from selection list '//*[@id="years"]' by value 1984.</msg>
<status status="PASS" starttime="20221124 02:55:02.328" endtime="20221124 02:55:02.390"/>
</kw>
<status status="PASS" starttime="20221124 02:55:02.033" endtime="20221124 02:55:02.390"/>
</kw>
<kw name="Select checkbox Sign up for our newsletter!" library="RegistrationPage">
<kw name="Select Checkbox" library="SeleniumLibrary">
<arg>${newsletterCheckbox}</arg>
<doc>Selects the checkbox identified by ``locator``.</doc>
<msg timestamp="20221124 02:55:02.391" level="INFO">Selecting checkbox '//*[@id="newsletter"]'.</msg>
<status status="PASS" starttime="20221124 02:55:02.391" endtime="20221124 02:55:02.460"/>
</kw>
<status status="PASS" starttime="20221124 02:55:02.391" endtime="20221124 02:55:02.460"/>
</kw>
<kw name="Select checkbox Receive special offers from our partners!" library="RegistrationPage">
<kw name="Select Checkbox" library="SeleniumLibrary">
<arg>${offerCheckbox}</arg>
<doc>Selects the checkbox identified by ``locator``.</doc>
<msg timestamp="20221124 02:55:02.461" level="INFO">Selecting checkbox '//*[@id="optin"]'.</msg>
<status status="PASS" starttime="20221124 02:55:02.460" endtime="20221124 02:55:02.526"/>
</kw>
<status status="PASS" starttime="20221124 02:55:02.460" endtime="20221124 02:55:02.526"/>
</kw>
<kw name="Fill details: First name, Last name, Company, Address, Address2, Country, State, City, Zipcode, Mobile Number" library="RegistrationPage">
<kw name="Input Text" library="SeleniumLibrary">
<arg>${registerPageNameInput}</arg>
<arg>${name}</arg>
<doc>Types the given ``text`` into the text field identified by ``locator``.</doc>
<msg timestamp="20221124 02:55:02.527" level="INFO">Typing text 'Yusuf' into text field '//*[@id="first_name"]'.</msg>
<status status="PASS" starttime="20221124 02:55:02.527" endtime="20221124 02:55:02.601"/>
</kw>
<kw name="Input Text" library="SeleniumLibrary">
<arg>${lastnameInput}</arg>
<arg>${lastname}</arg>
<doc>Types the given ``text`` into the text field identified by ``locator``.</doc>
<msg timestamp="20221124 02:55:02.602" level="INFO">Typing text 'Renkoglu' into text field '//*[@id="last_name"]'.</msg>
<status status="PASS" starttime="20221124 02:55:02.602" endtime="20221124 02:55:02.677"/>
</kw>
<kw name="Input Text" library="SeleniumLibrary">
<arg>${companyInput}</arg>
<arg>${company}</arg>
<doc>Types the given ``text`` into the text field identified by ``locator``.</doc>
<msg timestamp="20221124 02:55:02.677" level="INFO">Typing text '-' into text field '//*[@id="company"]'.</msg>
<status status="PASS" starttime="20221124 02:55:02.677" endtime="20221124 02:55:02.758"/>
</kw>
<kw name="Input Text" library="SeleniumLibrary">
<arg>${address1Input}</arg>
<arg>${address1}</arg>
<doc>Types the given ``text`` into the text field identified by ``locator``.</doc>
<msg timestamp="20221124 02:55:02.758" level="INFO">Typing text 'Helsinki' into text field '//*[@id="address1"]'.</msg>
<status status="PASS" starttime="20221124 02:55:02.758" endtime="20221124 02:55:02.839"/>
</kw>
<kw name="Input Text" library="SeleniumLibrary">
<arg>${address2Input}</arg>
<arg>${address2}</arg>
<doc>Types the given ``text`` into the text field identified by ``locator``.</doc>
<msg timestamp="20221124 02:55:02.839" level="INFO">Typing text 'Helsinki' into text field '//*[@id="address2"]'.</msg>
<status status="PASS" starttime="20221124 02:55:02.839" endtime="20221124 02:55:02.913"/>
</kw>
<kw name="Select From List By Value" library="SeleniumLibrary">
<arg>${countrySelect}</arg>
<arg>${country}</arg>
<doc>Selects options from selection list ``locator`` by ``values``.</doc>
<msg timestamp="20221124 02:55:02.914" level="INFO">Selecting options from selection list '//*[@id="country"]' by value United States.</msg>
<status status="PASS" starttime="20221124 02:55:02.913" endtime="20221124 02:55:02.983"/>
</kw>
<kw name="Input Text" library="SeleniumLibrary">
<arg>${stateInput}</arg>
<arg>${states}</arg>
<doc>Types the given ``text`` into the text field identified by ``locator``.</doc>
<msg timestamp="20221124 02:55:02.983" level="INFO">Typing text 'Helsinki' into text field '//*[@id="state"]'.</msg>
<status status="PASS" starttime="20221124 02:55:02.983" endtime="20221124 02:55:03.081"/>
</kw>
<kw name="Input Text" library="SeleniumLibrary">
<arg>${cityInput}</arg>
<arg>${city}</arg>
<doc>Types the given ``text`` into the text field identified by ``locator``.</doc>
<msg timestamp="20221124 02:55:03.081" level="INFO">Typing text 'Helsinki' into text field '//*[@id="city"]'.</msg>
<status status="PASS" starttime="20221124 02:55:03.081" endtime="20221124 02:55:03.164"/>
</kw>
<kw name="Input Text" library="SeleniumLibrary">
<arg>${zipcodeInput}</arg>
<arg>${zipcode}</arg>
<doc>Types the given ``text`` into the text field identified by ``locator``.</doc>
<msg timestamp="20221124 02:55:03.164" level="INFO">Typing text '000000' into text field '//*[@id="zipcode"]'.</msg>
<status status="PASS" starttime="20221124 02:55:03.164" endtime="20221124 02:55:03.244"/>
</kw>
<kw name="Input Text" library="SeleniumLibrary">
<arg>${phoneNumberInput}</arg>
<arg>${phoneNumber}</arg>
<doc>Types the given ``text`` into the text field identified by ``locator``.</doc>
<msg timestamp="20221124 02:55:03.244" level="INFO">Typing text '00012312312' into text field '//*[@id="mobile_number"]'.</msg>
<status status="PASS" starttime="20221124 02:55:03.244" endtime="20221124 02:55:03.326"/>
</kw>
<status status="PASS" starttime="20221124 02:55:02.527" endtime="20221124 02:55:03.326"/>
</kw>
<kw name="Click Create Account button" library="RegistrationPage">
<kw name="Click Button" library="SeleniumLibrary">
<arg>${createAccountButton}</arg>
<doc>Clicks the button identified by ``locator``.</doc>
<msg timestamp="20221124 02:55:03.326" level="INFO">Clicking button '//*[@id="form"]/div/div/div/div[1]/form/button'.</msg>
<status status="PASS" starttime="20221124 02:55:03.326" endtime="20221124 02:55:05.848"/>
</kw>
<status status="PASS" starttime="20221124 02:55:03.326" endtime="20221124 02:55:05.848"/>
</kw>
<kw name="Verify that ACCOUNT CREATED! is visible" library="AccountVerifyPage">
<kw name="Get Text" library="SeleniumLibrary">
<var>${accountCreatedText}</var>
<arg>${accountCreated}</arg>
<doc>Returns the text value of the element identified by ``locator``.</doc>
<msg timestamp="20221124 02:55:05.907" level="INFO">${accountCreatedText} = ACCOUNT CREATED!</msg>
<status status="PASS" starttime="20221124 02:55:05.849" endtime="20221124 02:55:05.907"/>
</kw>
<kw name="Should Be Equal" library="BuiltIn">
<arg>${accountCreatedText}</arg>
<arg>ACCOUNT CREATED!</arg>
<doc>Fails if the given objects are unequal.</doc>
<status status="PASS" starttime="20221124 02:55:05.907" endtime="20221124 02:55:05.907"/>
</kw>
<status status="PASS" starttime="20221124 02:55:05.848" endtime="20221124 02:55:05.907"/>
</kw>
<kw name="Click Continue button" library="AccountVerifyPage">
<kw name="Click Link" library="SeleniumLibrary">
<arg>${continueButton}</arg>
<doc>Clicks a link identified by ``locator``.</doc>
<msg timestamp="20221124 02:55:05.908" level="INFO">Clicking link '//*[@id="form"]/div/div/div/div/a'.</msg>
<status status="PASS" starttime="20221124 02:55:05.908" endtime="20221124 02:55:08.462"/>
</kw>
<status status="PASS" starttime="20221124 02:55:05.908" endtime="20221124 02:55:08.462"/>
</kw>
<kw name="Verify that Logged in as username is visible" library="HomePage">
<kw name="Get Text" library="SeleniumLibrary">
<var>${loggedInAsUsername}</var>
<arg>${loggedInAsUsernameText}</arg>
<doc>Returns the text value of the element identified by ``locator``.</doc>
<msg timestamp="20221124 02:55:08.516" level="INFO">${loggedInAsUsername} = Logged in as Yusuf</msg>
<status status="PASS" starttime="20221124 02:55:08.463" endtime="20221124 02:55:08.517"/>
</kw>
<kw name="Should Be Equal" library="BuiltIn">
<arg>${loggedInAsUsername}</arg>
<arg>Logged in as ${name}</arg>
<doc>Fails if the given objects are unequal.</doc>
<status status="PASS" starttime="20221124 02:55:08.517" endtime="20221124 02:55:08.517"/>
</kw>
<status status="PASS" starttime="20221124 02:55:08.463" endtime="20221124 02:55:08.517"/>
</kw>
<kw name="Click Logout button" library="HomePage">
<kw name="Go To" library="SeleniumLibrary">
<arg>${logoutLink}</arg>
<doc>Navigates the current browser window to the provided ``url``.</doc>
<msg timestamp="20221124 02:55:08.517" level="INFO">Opening url 'https://automationexercise.com/logout'</msg>
<status status="PASS" starttime="20221124 02:55:08.517" endtime="20221124 02:55:09.275"/>
</kw>
<kw name="Go To" library="SeleniumLibrary">
<arg>${url}</arg>
<doc>Navigates the current browser window to the provided ``url``.</doc>
<msg timestamp="20221124 02:55:09.276" level="INFO">Opening url 'https://automationexercise.com/'</msg>
<status status="PASS" starttime="20221124 02:55:09.275" endtime="20221124 02:55:11.473"/>
</kw>
<status status="PASS" starttime="20221124 02:55:08.517" endtime="20221124 02:55:11.473"/>
</kw>
<kw name="Close All Browsers" library="SeleniumLibrary" type="TEARDOWN">
<doc>Closes all open browsers and resets the browser cache.</doc>
<status status="PASS" starttime="20221124 02:55:11.473" endtime="20221124 02:55:11.662"/>
</kw>
<doc>Register User</doc>
<status status="PASS" starttime="20221124 02:54:52.559" endtime="20221124 02:55:11.662"/>
</test>
<test id="s1-s1-s1-t2" name="Test Case 02" line="35">
<kw name="Open Browser" library="SeleniumLibrary" type="SETUP">
<arg>${url}</arg>
<arg>${browser}</arg>
<doc>Opens a new browser instance to the optional ``url``.</doc>
<msg timestamp="20221124 02:55:11.664" level="INFO">Opening browser 'chrome' to base url 'https://automationexercise.com/'.</msg>
<status status="PASS" starttime="20221124 02:55:11.663" endtime="20221124 02:55:15.950"/>
</kw>
<kw name="Verify that home page is visible successfully" library="HomePage">
<kw name="Location Should Be" library="SeleniumLibrary">
<arg>${url}</arg>
<doc>Verifies that the current URL is exactly ``url``.</doc>
<msg timestamp="20221124 02:55:15.955" level="INFO">Current location is 'https://automationexercise.com/'.</msg>
<status status="PASS" starttime="20221124 02:55:15.951" endtime="20221124 02:55:15.955"/>
</kw>
<status status="PASS" starttime="20221124 02:55:15.951" endtime="20221124 02:55:15.955"/>
</kw>
<kw name="Click on Signup / Login button" library="HomePage">
<kw name="Go To" library="SeleniumLibrary">
<arg>${signupLoginLink}</arg>
<doc>Navigates the current browser window to the provided ``url``.</doc>
<msg timestamp="20221124 02:55:15.956" level="INFO">Opening url 'https://automationexercise.com/login'</msg>
<status status="PASS" starttime="20221124 02:55:15.956" endtime="20221124 02:55:17.531"/>
</kw>
<status status="PASS" starttime="20221124 02:55:15.956" endtime="20221124 02:55:17.531"/>
</kw>
<kw name="Verify Login to your account is visible" library="SignupLoginPage">
<kw name="Get Text" library="SeleniumLibrary">
<var>${loginToYourAccountText}</var>
<arg>${loginToYourAccount}</arg>
<doc>Returns the text value of the element identified by ``locator``.</doc>
<msg timestamp="20221124 02:55:17.557" level="INFO">${loginToYourAccountText} = Login to your account</msg>
<status status="PASS" starttime="20221124 02:55:17.531" endtime="20221124 02:55:17.557"/>
</kw>
<kw name="Should Be Equal" library="BuiltIn">
<arg>${loginToYourAccountText}</arg>
<arg>Login to your account</arg>
<doc>Fails if the given objects are unequal.</doc>
<status status="PASS" starttime="20221124 02:55:17.557" endtime="20221124 02:55:17.557"/>
</kw>
<status status="PASS" starttime="20221124 02:55:17.531" endtime="20221124 02:55:17.558"/>
</kw>
<kw name="Fill Email and Password" library="SignupLoginPage">
<kw name="Input Text" library="SeleniumLibrary">
<arg>${emailInputLoginPage}</arg>
<arg>${email}</arg>
<doc>Types the given ``text`` into the text field identified by ``locator``.</doc>
<msg timestamp="20221124 02:55:17.558" level="INFO">Typing text 'test.qamail1@gmail.com' into text field '//*[@id="form"]/div/div/div[1]/div/form/input[2]'.</msg>
<status status="PASS" starttime="20221124 02:55:17.558" endtime="20221124 02:55:17.761"/>
</kw>
<kw name="Input Password" library="SeleniumLibrary">
<arg>${passwordInputLoginPage}</arg>
<arg>${password}</arg>
<doc>Types the given password into the text field identified by ``locator``.</doc>
<msg timestamp="20221124 02:55:17.761" level="INFO">Typing password into text field '//*[@id="form"]/div/div/div[1]/div/form/input[3]'.</msg>
<msg timestamp="20221124 02:55:17.799" level="INFO">Temporally setting log level to: NONE</msg>
<msg timestamp="20221124 02:55:17.852" level="INFO">Log level changed from NONE to INFO.</msg>
<status status="PASS" starttime="20221124 02:55:17.761" endtime="20221124 02:55:17.852"/>
</kw>
<status status="PASS" starttime="20221124 02:55:17.558" endtime="20221124 02:55:17.852"/>
</kw>
<kw name="Click Login button" library="SignupLoginPage">
<kw name="Click Button" library="SeleniumLibrary">
<arg>${loginButton}</arg>
<doc>Clicks the button identified by ``locator``.</doc>
<msg timestamp="20221124 02:55:17.853" level="INFO">Clicking button '//*[@id="form"]/div/div/div[1]/div/form/button'.</msg>
<status status="PASS" starttime="20221124 02:55:17.853" endtime="20221124 02:55:20.126"/>
</kw>
<status status="PASS" starttime="20221124 02:55:17.852" endtime="20221124 02:55:20.126"/>
</kw>
<kw name="Click Logout button" library="HomePage">
<kw name="Go To" library="SeleniumLibrary">
<arg>${logoutLink}</arg>
<doc>Navigates the current browser window to the provided ``url``.</doc>
<msg timestamp="20221124 02:55:20.127" level="INFO">Opening url 'https://automationexercise.com/logout'</msg>
<status status="PASS" starttime="20221124 02:55:20.126" endtime="20221124 02:55:21.087"/>
</kw>
<kw name="Go To" library="SeleniumLibrary">
<arg>${url}</arg>
<doc>Navigates the current browser window to the provided ``url``.</doc>
<msg timestamp="20221124 02:55:21.088" level="INFO">Opening url 'https://automationexercise.com/'</msg>
<status status="PASS" starttime="20221124 02:55:21.087" endtime="20221124 02:55:23.710"/>
</kw>
<status status="PASS" starttime="20221124 02:55:20.126" endtime="20221124 02:55:23.710"/>
</kw>
<kw name="Close All Browsers" library="SeleniumLibrary" type="TEARDOWN">
<doc>Closes all open browsers and resets the browser cache.</doc>
<status status="PASS" starttime="20221124 02:55:23.711" endtime="20221124 02:55:23.848"/>
</kw>
<doc>Login</doc>
<status status="PASS" starttime="20221124 02:55:11.663" endtime="20221124 02:55:23.848"/>
</test>
<test id="s1-s1-s1-t3" name="Test Case 03" line="44">
<kw name="Open Browser" library="SeleniumLibrary" type="SETUP">
<arg>${url}</arg>
<arg>${browser}</arg>
<doc>Opens a new browser instance to the optional ``url``.</doc>
<msg timestamp="20221124 02:55:23.849" level="INFO">Opening browser 'chrome' to base url 'https://automationexercise.com/'.</msg>
<status status="PASS" starttime="20221124 02:55:23.849" endtime="20221124 02:55:28.527"/>
</kw>
<kw name="Click on Signup / Login button" library="HomePage">
<kw name="Go To" library="SeleniumLibrary">
<arg>${signupLoginLink}</arg>
<doc>Navigates the current browser window to the provided ``url``.</doc>
<msg timestamp="20221124 02:55:28.529" level="INFO">Opening url 'https://automationexercise.com/login'</msg>
<status status="PASS" starttime="20221124 02:55:28.529" endtime="20221124 02:55:30.077"/>
</kw>
<status status="PASS" starttime="20221124 02:55:28.528" endtime="20221124 02:55:30.077"/>
</kw>
<kw name="Verify Login to your account is visible" library="SignupLoginPage">
<kw name="Get Text" library="SeleniumLibrary">
<var>${loginToYourAccountText}</var>
<arg>${loginToYourAccount}</arg>
<doc>Returns the text value of the element identified by ``locator``.</doc>
<msg timestamp="20221124 02:55:30.204" level="INFO">${loginToYourAccountText} = Login to your account</msg>
<status status="PASS" starttime="20221124 02:55:30.078" endtime="20221124 02:55:30.204"/>
</kw>
<kw name="Should Be Equal" library="BuiltIn">
<arg>${loginToYourAccountText}</arg>
<arg>Login to your account</arg>
<doc>Fails if the given objects are unequal.</doc>
<status status="PASS" starttime="20221124 02:55:30.204" endtime="20221124 02:55:30.205"/>
</kw>
<status status="PASS" starttime="20221124 02:55:30.078" endtime="20221124 02:55:30.205"/>
</kw>
<kw name="Fill Email and Password" library="SignupLoginPage">
<kw name="Input Text" library="SeleniumLibrary">
<arg>${emailInputLoginPage}</arg>
<arg>${email}</arg>
<doc>Types the given ``text`` into the text field identified by ``locator``.</doc>
<msg timestamp="20221124 02:55:30.205" level="INFO">Typing text 'test.qamail1@gmail.com' into text field '//*[@id="form"]/div/div/div[1]/div/form/input[2]'.</msg>
<status status="PASS" starttime="20221124 02:55:30.205" endtime="20221124 02:55:30.358"/>
</kw>
<kw name="Input Password" library="SeleniumLibrary">
<arg>${passwordInputLoginPage}</arg>
<arg>${password}</arg>
<doc>Types the given password into the text field identified by ``locator``.</doc>
<msg timestamp="20221124 02:55:30.358" level="INFO">Typing password into text field '//*[@id="form"]/div/div/div[1]/div/form/input[3]'.</msg>
<msg timestamp="20221124 02:55:30.390" level="INFO">Temporally setting log level to: NONE</msg>
<msg timestamp="20221124 02:55:30.423" level="INFO">Log level changed from NONE to INFO.</msg>
<status status="PASS" starttime="20221124 02:55:30.358" endtime="20221124 02:55:30.423"/>
</kw>
<status status="PASS" starttime="20221124 02:55:30.205" endtime="20221124 02:55:30.423"/>
</kw>
<kw name="Click Login button" library="SignupLoginPage">
<kw name="Click Button" library="SeleniumLibrary">
<arg>${loginButton}</arg>
<doc>Clicks the button identified by ``locator``.</doc>
<msg timestamp="20221124 02:55:30.423" level="INFO">Clicking button '//*[@id="form"]/div/div/div[1]/div/form/button'.</msg>
<status status="PASS" starttime="20221124 02:55:30.423" endtime="20221124 02:55:32.594"/>
</kw>
<status status="PASS" starttime="20221124 02:55:30.423" endtime="20221124 02:55:32.595"/>
</kw>
<kw name="Click Delete Account button" library="HomePage">
<kw name="Click Link" library="SeleniumLibrary">
<arg>${deleteAccountLink}</arg>
<doc>Clicks a link identified by ``locator``.</doc>
<msg timestamp="20221124 02:55:32.596" level="INFO">Clicking link '//*[@id="header"]/div/div/div/div[2]/div/ul/li[5]/a'.</msg>
<status status="PASS" starttime="20221124 02:55:32.596" endtime="20221124 02:55:33.345"/>
</kw>
<status status="PASS" starttime="20221124 02:55:32.595" endtime="20221124 02:55:33.345"/>
</kw>
<kw name="Verify that ACCOUNT DELETED! is visible and click Continue button" library="AccountVerifyPage">
<kw name="Get Text" library="SeleniumLibrary">
<var>${accountDeletedText}</var>
<arg>${accountDeleted}</arg>
<doc>Returns the text value of the element identified by ``locator``.</doc>
<msg timestamp="20221124 02:55:33.671" level="INFO">${accountDeletedText} = ACCOUNT DELETED!</msg>
<status status="PASS" starttime="20221124 02:55:33.346" endtime="20221124 02:55:33.671"/>
</kw>
<kw name="Should Be Equal" library="BuiltIn">
<arg>${accountDeletedText}</arg>
<arg>ACCOUNT DELETED!</arg>
<doc>Fails if the given objects are unequal.</doc>
<status status="PASS" starttime="20221124 02:55:33.671" endtime="20221124 02:55:33.671"/>
</kw>
<kw name="Click Continue button" library="AccountVerifyPage">
<kw name="Click Link" library="SeleniumLibrary">
<arg>${continueButton}</arg>
<doc>Clicks a link identified by ``locator``.</doc>
<msg timestamp="20221124 02:55:33.672" level="INFO">Clicking link '//*[@id="form"]/div/div/div/div/a'.</msg>
<status status="PASS" starttime="20221124 02:55:33.672" endtime="20221124 02:55:39.525"/>
</kw>
<status status="PASS" starttime="20221124 02:55:33.671" endtime="20221124 02:55:39.525"/>
</kw>
<status status="PASS" starttime="20221124 02:55:33.345" endtime="20221124 02:55:39.526"/>
</kw>
<kw name="Close All Browsers" library="SeleniumLibrary" type="TEARDOWN">
<doc>Closes all open browsers and resets the browser cache.</doc>
<status status="PASS" starttime="20221124 02:55:39.526" endtime="20221124 02:55:39.646"/>
</kw>
<doc>Login And Delete User</doc>
<status status="PASS" starttime="20221124 02:55:23.848" endtime="20221124 02:55:39.646"/>
</test>
<doc>www.automationexercise.com Test Cases</doc>
<status status="PASS" starttime="20221124 02:54:52.329" endtime="20221124 02:55:39.647"/>
</suite>
<status status="PASS" starttime="20221124 02:54:52.328" endtime="20221124 02:55:39.649"/>
</suite>
<status status="PASS" starttime="20221124 02:54:52.307" endtime="20221124 02:55:39.650"/>
</suite>
<statistics>
<total>
<stat pass="3" fail="0" skip="0">All Tests</stat>
</total>
<tag>
</tag>
<suite>
<stat pass="3" fail="0" skip="0" id="s1" name="RobotFramework-Exercises">RobotFramework-Exercises</stat>
<stat pass="3" fail="0" skip="0" id="s1-s1" name="Tests">RobotFramework-Exercises.Tests</stat>
<stat pass="3" fail="0" skip="0" id="s1-s1-s1" name="AutomationExercise">RobotFramework-Exercises.Tests.AutomationExercise</stat>
</suite>
</statistics>
<errors>
</errors>
</robot>
